0 info it worked if it ends with ok
1 verbose cli [ 'C:\\Programy\\nodejs\\node.exe',
1 verbose cli   'C:\\Programy\\nodejs\\node_modules\\npm\\bin\\npm-cli.js',
1 verbose cli   'start' ]
2 info using npm@3.10.8
3 info using node@v6.9.1
4 verbose run-script [ 'prestart', 'start', 'poststart' ]
5 info lifecycle TrocheZabawy1@0.1.0~prestart: TrocheZabawy1@0.1.0
6 silly lifecycle TrocheZabawy1@0.1.0~prestart: no script for prestart, continuing
7 info lifecycle TrocheZabawy1@0.1.0~start: TrocheZabawy1@0.1.0
8 verbose lifecycle TrocheZabawy1@0.1.0~start: unsafe-perm in lifecycle true
9 verbose lifecycle TrocheZabawy1@0.1.0~start: PATH: C:\Programy\nodejs\node_modules\npm\bin\node-gyp-bin;C:\github\TrocheZabawy1\node_modules\.bin;C:\Program Files\NVIDIA Corporation\PhysX\Common;C:\Windows\system32;C:\Windows;C:\Windows\System32\Wbem;C:\Windows\System32\WindowsPowerShell\v1.0\;C:\Program Files\WIDCOMM\Bluetooth Software\;C:\Programy\MATLAB\runtime\win32;C:\Programy\MATLAB\bin;C:\Programy\Skype\Phone\;C:\Program Files\Microsoft SQL Server\100\Tools\Binn\;C:\Program Files\Microsoft SQL Server\100\DTS\Binn\;C:\Programy\nodejs\;C:\Users\Kuba\AppData\Local\.meteor\;C:\Users\Kuba\AppData\Roaming\npm
10 verbose lifecycle TrocheZabawy1@0.1.0~start: CWD: C:\github\TrocheZabawy1
11 silly lifecycle TrocheZabawy1@0.1.0~start: Args: [ '/d /s /c', 'react-scripts start' ]
12 verbose stack Error: kill ENOSYS
12 verbose stack     at exports._errnoException (util.js:1026:11)
12 verbose stack     at process.kill (internal/process.js:172:13)
12 verbose stack     at process.listener (C:\Programy\nodejs\node_modules\npm\node_modules\npmlog\node_modules\gauge\node_modules\signal-exit\index.js:86:15)
12 verbose stack     at emitNone (events.js:91:20)
12 verbose stack     at process.emit (events.js:185:7)
12 verbose stack     at processEmit (C:\Programy\nodejs\node_modules\npm\node_modules\npmlog\node_modules\gauge\node_modules\signal-exit\index.js:146:32)
12 verbose stack     at processEmit (C:\Programy\nodejs\node_modules\npm\node_modules\npm-registry-client\node_modules\npmlog\node_modules\gauge\node_modules\signal-exit\index.js:146:32)
12 verbose stack     at Signal.wrap.onsignal (internal/process.js:199:44)
13 verbose cwd C:\github\TrocheZabawy1
14 error Windows_NT 6.1.7601
15 error argv "C:\\Programy\\nodejs\\node.exe" "C:\\Programy\\nodejs\\node_modules\\npm\\bin\\npm-cli.js" "start"
16 error node v6.9.1
17 error npm  v3.10.8
18 error code ENOSYS
19 error errno ENOSYS
20 error syscall kill
21 error kill ENOSYS
22 error If you need help, you may report this error at:
22 error     <https://github.com/npm/npm/issues>
23 verbose exit [ 1, true ]
